# JRE version: Java(TM) SE Runtime Environment (8.0_202-b08) (build 1.8.0_202-b08)
# Java VM: Java HotSpot(TM) 64-Bit Server VM (25.202-b08 mixed mode windows-amd64 compressed oops)
Heap:
 PSYoungGen      total 397824K, used 35581K [0x00000000d5d00000, 0x00000000f0f00000, 0x0000000100000000)
  eden space 393728K, 8% used [0x00000000d5d00000,0x00000000d7bc77d0,0x00000000edd80000)
  from space 4096K, 99% used [0x00000000eef00000,0x00000000ef2f8000,0x00000000ef300000)
  to   space 18944K, 0% used [0x00000000efc80000,0x00000000efc80000,0x00000000f0f00000)
 ParOldGen       total 71168K, used 36460K [0x0000000081600000, 0x0000000085b80000, 0x00000000d5d00000)
  object space 71168K, 51% used [0x0000000081600000,0x000000008399b170,0x0000000085b80000)
 Metaspace       used 52198K, capacity 55724K, committed 55808K, reserved 1097728K
  class space    used 7289K, capacity 7931K, committed 7936K, reserved 1048576K
GC Heap History (10 events):
Event: 91.130 GC heap before
{Heap before GC invocations=11 (full 2):
 PSYoungGen      total 244736K, used 232448K [0x00000000d5d00000, 0x00000000e5e00000, 0x0000000100000000)
  eden space 232448K, 100% used [0x00000000d5d00000,0x00000000e4000000,0x00000000e4000000)
  from space 12288K, 0% used [0x00000000e4d80000,0x00000000e4d80000,0x00000000e5980000)
  to   space 13824K, 0% used [0x00000000e4000000,0x00000000e4000000,0x00000000e4d80000)
 ParOldGen       total 71168K, used 16573K [0x0000000081600000, 0x0000000085b80000, 0x00000000d5d00000)
  object space 71168K, 23% used [0x0000000081600000,0x000000008262f700,0x0000000085b80000)
 Metaspace       used 51873K, capacity 55400K, committed 55552K, reserved 1097728K
  class space    used 7257K, capacity 7893K, committed 7936K, reserved 1048576K
Event: 91.164 GC heap after
Heap after GC invocations=11 (full 2):
 PSYoungGen      total 246272K, used 13819K [0x00000000d5d00000, 0x00000000ec380000, 0x0000000100000000)
  eden space 232448K, 0% used [0x00000000d5d00000,0x00000000d5d00000,0x00000000e4000000)
  from space 13824K, 99% used [0x00000000e4000000,0x00000000e4d7ec20,0x00000000e4d80000)
  to   space 19456K, 0% used [0x00000000eb080000,0x00000000eb080000,0x00000000ec380000)
 ParOldGen       total 71168K, used 26408K [0x0000000081600000, 0x0000000085b80000, 0x00000000d5d00000)
  object space 71168K, 37% used [0x0000000081600000,0x0000000082fca068,0x0000000085b80000)
 Metaspace       used 51873K, capacity 55400K, committed 55552K, reserved 1097728K
  class space    used 7257K, capacity 7893K, committed 7936K, reserved 1048576K
}
Event: 6345.065 GC heap before
{Heap before GC invocations=12 (full 2):
 PSYoungGen      total 246272K, used 246267K [0x00000000d5d00000, 0x00000000ec380000, 0x0000000100000000)
  eden space 232448K, 100% used [0x00000000d5d00000,0x00000000e4000000,0x00000000e4000000)
  from space 13824K, 99% used [0x00000000e4000000,0x00000000e4d7ec20,0x00000000e4d80000)
  to   space 19456K, 0% used [0x00000000eb080000,0x00000000eb080000,0x00000000ec380000)
 ParOldGen       total 71168K, used 26408K [0x0000000081600000, 0x0000000085b80000, 0x00000000d5d00000)
  object space 71168K, 37% used [0x0000000081600000,0x0000000082fca068,0x0000000085b80000)
 Metaspace       used 52130K, capacity 55642K, committed 55808K, reserved 1097728K
  class space    used 7286K, capacity 7928K, committed 7936K, reserved 1048576K
Event: 6345.274 GC heap after
Heap after GC invocations=12 (full 2):
 PSYoungGen      total 330240K, used 11144K [0x00000000d5d00000, 0x00000000ebb80000, 0x0000000100000000)
  eden space 318976K, 0% used [0x00000000d5d00000,0x00000000d5d00000,0x00000000e9480000)
  from space 11264K, 98% used [0x00000000eb080000,0x00000000ebb62338,0x00000000ebb80000)
  to   space 19456K, 0% used [0x00000000e9580000,0x00000000e9580000,0x00000000ea880000)
 ParOldGen       total 71168K, used 26416K [0x0000000081600000, 0x0000000085b80000, 0x00000000d5d00000)
  object space 71168K, 37% used [0x0000000081600000,0x0000000082fcc068,0x0000000085b80000)
 Metaspace       used 52130K, capacity 55642K, committed 55808K, reserved 1097728K
  class space    used 7286K, capacity 7928K, committed 7936K, reserved 1048576K
}
Event: 45785.797 GC heap before
{Heap before GC invocations=13 (full 2):
 PSYoungGen      total 330240K, used 330120K [0x00000000d5d00000, 0x00000000ebb80000, 0x0000000100000000)
  eden space 318976K, 100% used [0x00000000d5d00000,0x00000000e9480000,0x00000000e9480000)
  from space 11264K, 98% used [0x00000000eb080000,0x00000000ebb62338,0x00000000ebb80000)
  to   space 19456K, 0% used [0x00000000e9580000,0x00000000e9580000,0x00000000ea880000)
 ParOldGen       total 71168K, used 26416K [0x0000000081600000, 0x0000000085b80000, 0x00000000d5d00000)
  object space 71168K, 37% used [0x0000000081600000,0x0000000082fcc068,0x0000000085b80000)
 Metaspace       used 52182K, capacity 55706K, committed 55808K, reserved 1097728K
  class space    used 7287K, capacity 7928K, committed 7936K, reserved 1048576K
Event: 45786.020 GC heap after
Heap after GC invocations=13 (full 2):
 PSYoungGen      total 339456K, used 3520K [0x00000000d5d00000, 0x00000000f2180000, 0x0000000100000000)
  eden space 320000K, 0% used [0x00000000d5d00000,0x00000000d5d00000,0x00000000e9580000)
  from space 19456K, 18% used [0x00000000e9580000,0x00000000e98f0000,0x00000000ea880000)
  to   space 19456K, 0% used [0x00000000f0e80000,0x00000000f0e80000,0x00000000f2180000)
 ParOldGen       total 71168K, used 35235K [0x0000000081600000, 0x0000000085b80000, 0x00000000d5d00000)
  object space 71168K, 49% used [0x0000000081600000,0x0000000083868f10,0x0000000085b80000)
 Metaspace       used 52182K, capacity 55706K, committed 55808K, reserved 1097728K
  class space    used 7287K, capacity 7928K, committed 7936K, reserved 1048576K
}
Event: 54511.584 GC heap before
{Heap before GC invocations=14 (full 2):
 PSYoungGen      total 339456K, used 323520K [0x00000000d5d00000, 0x00000000f2180000, 0x0000000100000000)
  eden space 320000K, 100% used [0x00000000d5d00000,0x00000000e9580000,0x00000000e9580000)
  from space 19456K, 18% used [0x00000000e9580000,0x00000000e98f0000,0x00000000ea880000)
  to   space 19456K, 0% used [0x00000000f0e80000,0x00000000f0e80000,0x00000000f2180000)
 ParOldGen       total 71168K, used 35235K [0x0000000081600000, 0x0000000085b80000, 0x00000000d5d00000)
  object space 71168K, 49% used [0x0000000081600000,0x0000000083868f10,0x0000000085b80000)
 Metaspace       used 52185K, capacity 55706K, committed 55808K, reserved 1097728K
  class space    used 7287K, capacity 7928K, committed 7936K, reserved 1048576K
Event: 54511.781 GC heap after
Heap after GC invocations=14 (full 2):
 PSYoungGen      total 418304K, used 3104K [0x00000000d5d00000, 0x00000000f1500000, 0x0000000100000000)
  eden space 411648K, 0% used [0x00000000d5d00000,0x00000000d5d00000,0x00000000eef00000)
  from space 6656K, 46% used [0x00000000f0e80000,0x00000000f1188000,0x00000000f1500000)
  to   space 19456K, 0% used [0x00000000eef00000,0x00000000eef00000,0x00000000f0200000)
 ParOldGen       total 71168K, used 35859K [0x0000000081600000, 0x0000000085b80000, 0x00000000d5d00000)
  object space 71168K, 50% used [0x0000000081600000,0x0000000083904f90,0x0000000085b80000)
 Metaspace       used 52185K, capacity 55706K, committed 55808K, reserved 1097728K
  class space    used 7287K, capacity 7928K, committed 7936K, reserved 1048576K
}
Event: 64830.365 GC heap before
{Heap before GC invocations=15 (full 2):
 PSYoungGen      total 418304K, used 414752K [0x00000000d5d00000, 0x00000000f1500000, 0x0000000100000000)
  eden space 411648K, 100% used [0x00000000d5d00000,0x00000000eef00000,0x00000000eef00000)
  from space 6656K, 46% used [0x00000000f0e80000,0x00000000f1188000,0x00000000f1500000)
  to   space 19456K, 0% used [0x00000000eef00000,0x00000000eef00000,0x00000000f0200000)
 ParOldGen       total 71168K, used 35859K [0x0000000081600000, 0x0000000085b80000, 0x00000000d5d00000)
  object space 71168K, 50% used [0x0000000081600000,0x0000000083904f90,0x0000000085b80000)
 Metaspace       used 52195K, capacity 55724K, committed 55808K, reserved 1097728K
  class space    used 7289K, capacity 7931K, committed 7936K, reserved 1048576K
Event: 64830.597 GC heap after
Heap after GC invocations=15 (full 2):
 PSYoungGen      total 397824K, used 4064K [0x00000000d5d00000, 0x00000000f0f00000, 0x0000000100000000)
  eden space 393728K, 0% used [0x00000000d5d00000,0x00000000d5d00000,0x00000000edd80000)
  from space 4096K, 99% used [0x00000000eef00000,0x00000000ef2f8000,0x00000000ef300000)
  to   space 18944K, 0% used [0x00000000efc80000,0x00000000efc80000,0x00000000f0f00000)
 ParOldGen       total 71168K, used 36460K [0x0000000081600000, 0x0000000085b80000, 0x00000000d5d00000)
  object space 71168K, 51% used [0x0000000081600000,0x000000008399b170,0x0000000085b80000)
 Metaspace       used 52195K, capacity 55724K, committed 55808K, reserved 1097728K
  class space    used 7289K, capacity 7931K, committed 7936K, reserved 1048576K
}

